2025-12-16 18:57:28,672 DEBUG    root            Loaded Command Group: ['gcloud', 'init']
2025-12-16 18:57:28,674 DEBUG    root            Running [gcloud.init] with arguments: []
2025-12-16 18:57:28,674 INFO     ___FILE_ONLY___ Welcome! This command will take you through the configuration of gcloud.


2025-12-16 18:57:28,675 INFO     ___FILE_ONLY___ Your current configuration has been set to: [default]


2025-12-16 18:57:28,675 INFO     ___FILE_ONLY___ You can skip diagnostics next time by using the following flag:

2025-12-16 18:57:28,675 INFO     ___FILE_ONLY___   gcloud init --skip-diagnostics


2025-12-16 18:57:28,788 INFO     ___FILE_ONLY___ Network diagnostic detects and fixes local network connection issues.

2025-12-16 18:57:28,789 INFO     ___FILE_ONLY___ Checking network connection...
2025-12-16 18:57:30,471 DEBUG    urllib3.connectionpool Starting new HTTPS connection (1): accounts.google.com:443
2025-12-16 18:57:30,628 DEBUG    urllib3.connectionpool https://accounts.google.com:443 "GET / HTTP/11" 302 365
2025-12-16 18:57:30,668 DEBUG    urllib3.connectionpool https://accounts.google.com:443 "GET /ServiceLogin?passive=1209600&continue=https%3A%2F%2Faccounts.google.com%2F&followup=https%3A%2F%2Faccounts.google.com%2F HTTP/11" 302 0
2025-12-16 18:57:30,708 DEBUG    urllib3.connectionpool https://accounts.google.com:443 "GET /InteractiveLogin?continue=https://accounts.google.com/&followup=https://accounts.google.com/&passive=1209600&dsh=S-1742202458:1765929450853999&ifkv=Ac2yZaX-iWxNU7YJY_AJSi6oqhqvpXUhCRodepV8lzs_JYog3VZnaRkzeOJT9MtBwxt-e-4ssCOBKQ HTTP/11" 302 555
2025-12-16 18:57:30,774 DEBUG    urllib3.connectionpool https://accounts.google.com:443 "GET /v3/signin/identifier?continue=https%3A%2F%2Faccounts.google.com%2F&dsh=S-1742202458%3A1765929450853999&followup=https%3A%2F%2Faccounts.google.com%2F&ifkv=Ac2yZaWUxwpgmCePw4GML8nP5OSdbJZ-HP6vO_mHUFGwRERSG2xyKlf66YqLmN7m0FUHO3CWDFcEWQ&passive=1209600&flowName=WebLiteSignIn&flowEntry=ServiceLogin HTTP/11" 200 None
2025-12-16 18:57:30,881 DEBUG    urllib3.connectionpool Starting new HTTPS connection (1): cloudresourcemanager.googleapis.com:443
2025-12-16 18:57:31,027 DEBUG    urllib3.connectionpool https://cloudresourcemanager.googleapis.com:443 "GET /v1beta1/projects HTTP/11" 401 None
2025-12-16 18:57:31,030 DEBUG    urllib3.connectionpool Starting new HTTPS connection (1): www.googleapis.com:443
2025-12-16 18:57:31,162 DEBUG    urllib3.connectionpool https://www.googleapis.com:443 "GET /auth/cloud-platform HTTP/11" 200 14
2025-12-16 18:57:31,167 DEBUG    urllib3.connectionpool Starting new HTTPS connection (1): dl.google.com:443
2025-12-16 18:57:31,273 DEBUG    urllib3.connectionpool https://dl.google.com:443 "GET /dl/cloudsdk/channels/rapid/components-2.json HTTP/11" 200 24727
2025-12-16 18:57:31,394 INFO     ___FILE_ONLY___ Reachability Check passed.

2025-12-16 18:57:31,394 INFO     ___FILE_ONLY___ Network diagnostic passed (1/1 checks passed).


2025-12-16 18:57:34,994 DEBUG    root            Loaded Command Group: ['gcloud', 'auth']
2025-12-16 18:57:35,380 DEBUG    root            Loaded Command Group: ['gcloud', 'auth', 'login']
2025-12-16 18:57:35,380 INFO     root            Executing: [gcloud auth login --force --brief]
2025-12-16 18:57:35,381 DEBUG    root            Running [gcloud.auth.login] with arguments: [--brief: "True", --force: "True"]
2025-12-16 18:57:40,258 DEBUG    requests_oauthlib.oauth2_session Generated new state 5ceibdMCViqVGKCzkbBNlaOaaxtAkd.
2025-12-16 18:57:40,260 INFO     ___FILE_ONLY___ Your browser has been opened to visit:

    https://accounts.google.com/o/oauth2/auth?response_type=code&client_id=32555940559.apps.googleusercontent.com&redirect_uri=http%3A%2F%2Flocalhost%3A8085%2F&scope=openid+https%3A%2F%2Fwww.googleapis.com%2Fauth%2Fuserinfo.email+https%3A%2F%2Fwww.googleapis.com%2Fauth%2Fcloud-platform+https%3A%2F%2Fwww.googleapis.com%2Fauth%2Fappengine.admin+https%3A%2F%2Fwww.googleapis.com%2Fauth%2Fsqlservice.login+https%3A%2F%2Fwww.googleapis.com%2Fauth%2Fcompute+https%3A%2F%2Fwww.googleapis.com%2Fauth%2Faccounts.reauth&state=5ceibdMCViqVGKCzkbBNlaOaaxtAkd&access_type=offline&code_challenge=v0ZUasRcI_uQl-fOMnZERXeGhvU0dMCxOlBIitYq6M0&code_challenge_method=S256


2025-12-16 18:58:14,780 INFO     google_auth_oauthlib.flow "GET /?state=5ceibdMCViqVGKCzkbBNlaOaaxtAkd&code=4/0ATX87lNPs6Tsv3UHNNLGYvNqPONfd4NFiKotER-5rK3HatcTZStPNDFW6RikYx61ZXwwqA&scope=email%20openid%20https://www.googleapis.com/auth/userinfo.email%20https://www.googleapis.com/auth/cloud-platform%20https://www.googleapis.com/auth/appengine.admin%20https://www.googleapis.com/auth/sqlservice.login%20https://www.googleapis.com/auth/compute%20https://www.googleapis.com/auth/accounts.reauth&authuser=0&prompt=consent HTTP/1.1" 200 937
2025-12-16 18:58:14,781 DEBUG    requests_oauthlib.oauth2_session Requesting url https://oauth2.googleapis.com/token using method POST.
2025-12-16 18:58:14,782 DEBUG    requests_oauthlib.oauth2_session Supplying headers {b'Accept': b'application/json', b'Content-Type': b'application/x-www-form-urlencoded;charset=UTF-8', b'user-agent': b'google-cloud-sdk gcloud/538.0.0 command/gcloud.auth.login invocation-id/96efb3c4596443088e691f72fcb6f7f3 environment/None environment-version/None client-os/LINUX client-os-ver/6.6.87 client-pltf-arch/x86_64 interactive/True from-script/False python/3.12.3 term/xterm-256color (Linux 6.6.87.2-microsoft-standard-WSL2)'} and data {'grant_type': 'authorization_code', 'client_id': '32555940559.apps.googleusercontent.com', 'client_secret': 'ZmssLNjJy2998hD4CTg2ejr2', 'code': '4/0ATX87lNPs6Tsv3UHNNLGYvNqPONfd4NFiKotER-5rK3HatcTZStPNDFW6RikYx61ZXwwqA', 'redirect_uri': 'http://localhost:8085/', 'code_verifier': 'WljuL9DnRjmZYiHp2KFq1Z1S8LQHZi9bUtBOU5TsaJ8wRJd4manvlXh6S5uPHYp0VUMKai7zQPG4rWONoHQH11MJG-6UCH5.dQ26n-ohtR.dFUi~xjpMfUIdvnisayWo'}
2025-12-16 18:58:14,782 DEBUG    requests_oauthlib.oauth2_session Passing through key word arguments {'json': None, 'timeout': None, 'auth': None, 'verify': None, 'proxies': None}.
2025-12-16 18:58:14,784 DEBUG    urllib3.connectionpool Starting new HTTPS connection (1): oauth2.googleapis.com:443
2025-12-16 18:58:14,962 DEBUG    urllib3.connectionpool https://oauth2.googleapis.com:443 "POST /token HTTP/11" 200 None
2025-12-16 18:58:14,963 DEBUG    requests_oauthlib.oauth2_session Prepared fetch token request body grant_type=authorization_code&client_id=32555940559.apps.googleusercontent.com&client_secret=ZmssLNjJy2998hD4CTg2ejr2&code=4%2F0ATX87lNPs6Tsv3UHNNLGYvNqPONfd4NFiKotER-5rK3HatcTZStPNDFW6RikYx61ZXwwqA&redirect_uri=http%3A%2F%2Flocalhost%3A8085%2F&code_verifier=WljuL9DnRjmZYiHp2KFq1Z1S8LQHZi9bUtBOU5TsaJ8wRJd4manvlXh6S5uPHYp0VUMKai7zQPG4rWONoHQH11MJG-6UCH5.dQ26n-ohtR.dFUi~xjpMfUIdvnisayWo
2025-12-16 18:58:14,963 DEBUG    requests_oauthlib.oauth2_session Request to fetch token completed with status 200.
2025-12-16 18:58:14,964 DEBUG    requests_oauthlib.oauth2_session Request headers were {'user-agent': b'google-cloud-sdk gcloud/538.0.0 command/gcloud.auth.login invocation-id/96efb3c4596443088e691f72fcb6f7f3 environment/None environment-version/None client-os/LINUX client-os-ver/6.6.87 client-pltf-arch/x86_64 interactive/True from-script/False python/3.12.3 term/xterm-256color (Linux 6.6.87.2-microsoft-standard-WSL2)', 'Accept-Encoding': 'gzip, deflate', 'Accept': b'application/json', 'Connection': 'keep-alive', 'Content-Type': b'application/x-www-form-urlencoded;charset=UTF-8', 'Content-Length': '387'}
2025-12-16 18:58:14,964 DEBUG    requests_oauthlib.oauth2_session Request body was grant_type=authorization_code&client_id=32555940559.apps.googleusercontent.com&client_secret=ZmssLNjJy2998hD4CTg2ejr2&code=4%2F0ATX87lNPs6Tsv3UHNNLGYvNqPONfd4NFiKotER-5rK3HatcTZStPNDFW6RikYx61ZXwwqA&redirect_uri=http%3A%2F%2Flocalhost%3A8085%2F&code_verifier=WljuL9DnRjmZYiHp2KFq1Z1S8LQHZi9bUtBOU5TsaJ8wRJd4manvlXh6S5uPHYp0VUMKai7zQPG4rWONoHQH11MJG-6UCH5.dQ26n-ohtR.dFUi~xjpMfUIdvnisayWo
2025-12-16 18:58:14,964 DEBUG    requests_oauthlib.oauth2_session Response headers were {'Date': 'Tue, 16 Dec 2025 23:58:15 GMT', 'Cache-Control': 'no-cache, no-store, max-age=0, must-revalidate', 'Expires': 'Mon, 01 Jan 1990 00:00:00 GMT', 'Pragma': 'no-cache', 'Content-Type': 'application/json; charset=utf-8', 'Vary': 'Origin, X-Origin, Referer', 'Content-Encoding': 'gzip', 'Server': 'scaffolding on HTTPServer2', 'X-XSS-Protection': '0', 'X-Frame-Options': 'SAMEORIGIN', 'X-Content-Type-Options': 'nosniff', 'Alt-Svc': 'h3=":443"; ma=2592000,h3-29=":443"; ma=2592000', 'Transfer-Encoding': 'chunked'} and content {
  "access_token": "ya29.a0Aa7pCA_zJt8mcGYuOs6WThSg_DyCyVp8j-IjVJYIu7TJu6H9kgAwZrmiu2I37OAtkr2ms9cW0Fxy3Zc61TWJjkKBGOdqWtHl0St86SmdPPJcgEd76u0-xd6uwnIzdvbGy3eP00GSYK3mpNcn5c6ZKYIqQAMv-qwcsopWYyy4_MZsbkxoaPB7OKjwjgYVNGgvMFvYWc9e_aC3aCgYKAXwSARISFQHGX2MiybCcQLysKiHhzDUN8j1qCQ0211",
  "expires_in": 3599,
  "refresh_token": "1//01L921NTrLpzTCgYIARAAGAESNwF-L9IrPr7slpni3BO08UZTb87eaVXHJuv7I1-Wnpy7bhbUzwpce8T-Z0H04JpjOJHsGHu7T00",
  "scope": "https://www.googleapis.com/auth/compute https://www.googleapis.com/auth/appengine.admin https://www.googleapis.com/auth/sqlservice.login https://www.googleapis.com/auth/userinfo.email openid https://www.googleapis.com/auth/cloud-platform https://www.googleapis.com/auth/accounts.reauth",
  "token_type": "Bearer",
  "id_token": "eyJhbGciOiJSUzI1NiIsImtpZCI6IjEzMGZkY2VmY2M4ZWQ3YmU2YmVkZmE2ZmM4Nzk3MjIwNDBjOTJiMzgiLCJ0eXAiOiJKV1QifQ.eyJpc3MiOiJodHRwczovL2FjY291bnRzLmdvb2dsZS5jb20iLCJhenAiOiIzMjU1NTk0MDU1OS5hcHBzLmdvb2dsZXVzZXJjb250ZW50LmNvbSIsImF1ZCI6IjMyNTU1OTQwNTU5LmFwcHMuZ29vZ2xldXNlcmNvbnRlbnQuY29tIiwic3ViIjoiMTAyMzc4MTU5NDMwNjkyOTEzODE5IiwiZW1haWwiOiJkZW1lY29zY2hhbWJlcnNAZ21haWwuY29tIiwiZW1haWxfdmVyaWZpZWQiOnRydWUsImF0X2hhc2giOiJiSnhXNG5NeEFLd21ydU96ZDJhYk1RIiwiaWF0IjoxNzY1OTI5NDk1LCJleHAiOjE3NjU5MzMwOTV9.Y6C95kni8o6AOit4exMZy3RwR5scGyMy1v2QeGPZo3-jBlCJJOT1HjKE_z4BwQtilSMAYoetR9HFpghHpL99DxksaKIvSBh7hd12TqtmkKULyq-liuO6j12wInSin8mBz3WPOcu2MZJIuAE4J8C9VLXa7QWJYVhbsKFWBrlb6geJlpCtm1aZyknJzrrRSTSEq_35sLJcfHSxJEmVXUS_ThevRcqGYS_CgLEcioV6ziiPzSYxmqNUGEgx419ac-HHmfhi9TFJEP6loQNPEktTLl-cvGNahPrCuxZFEuBQ6mTnPJ95GgvqY9RJQc3mH_VMCb-h-br_9FmXcNsW2JppHw"
}.
2025-12-16 18:58:14,964 DEBUG    requests_oauthlib.oauth2_session Invoking 0 token response hooks.
2025-12-16 18:58:14,964 DEBUG    requests_oauthlib.oauth2_session Obtained token {'access_token': 'ya29.a0Aa7pCA_zJt8mcGYuOs6WThSg_DyCyVp8j-IjVJYIu7TJu6H9kgAwZrmiu2I37OAtkr2ms9cW0Fxy3Zc61TWJjkKBGOdqWtHl0St86SmdPPJcgEd76u0-xd6uwnIzdvbGy3eP00GSYK3mpNcn5c6ZKYIqQAMv-qwcsopWYyy4_MZsbkxoaPB7OKjwjgYVNGgvMFvYWc9e_aC3aCgYKAXwSARISFQHGX2MiybCcQLysKiHhzDUN8j1qCQ0211', 'expires_in': 3599, 'refresh_token': '1//01L921NTrLpzTCgYIARAAGAESNwF-L9IrPr7slpni3BO08UZTb87eaVXHJuv7I1-Wnpy7bhbUzwpce8T-Z0H04JpjOJHsGHu7T00', 'scope': ['https://www.googleapis.com/auth/compute', 'https://www.googleapis.com/auth/appengine.admin', 'https://www.googleapis.com/auth/sqlservice.login', 'https://www.googleapis.com/auth/userinfo.email', 'openid', 'https://www.googleapis.com/auth/cloud-platform', 'https://www.googleapis.com/auth/accounts.reauth'], 'token_type': 'Bearer', 'id_token': 'eyJhbGciOiJSUzI1NiIsImtpZCI6IjEzMGZkY2VmY2M4ZWQ3YmU2YmVkZmE2ZmM4Nzk3MjIwNDBjOTJiMzgiLCJ0eXAiOiJKV1QifQ.eyJpc3MiOiJodHRwczovL2FjY291bnRzLmdvb2dsZS5jb20iLCJhenAiOiIzMjU1NTk0MDU1OS5hcHBzLmdvb2dsZXVzZXJjb250ZW50LmNvbSIsImF1ZCI6IjMyNTU1OTQwNTU5LmFwcHMuZ29vZ2xldXNlcmNvbnRlbnQuY29tIiwic3ViIjoiMTAyMzc4MTU5NDMwNjkyOTEzODE5IiwiZW1haWwiOiJkZW1lY29zY2hhbWJlcnNAZ21haWwuY29tIiwiZW1haWxfdmVyaWZpZWQiOnRydWUsImF0X2hhc2giOiJiSnhXNG5NeEFLd21ydU96ZDJhYk1RIiwiaWF0IjoxNzY1OTI5NDk1LCJleHAiOjE3NjU5MzMwOTV9.Y6C95kni8o6AOit4exMZy3RwR5scGyMy1v2QeGPZo3-jBlCJJOT1HjKE_z4BwQtilSMAYoetR9HFpghHpL99DxksaKIvSBh7hd12TqtmkKULyq-liuO6j12wInSin8mBz3WPOcu2MZJIuAE4J8C9VLXa7QWJYVhbsKFWBrlb6geJlpCtm1aZyknJzrrRSTSEq_35sLJcfHSxJEmVXUS_ThevRcqGYS_CgLEcioV6ziiPzSYxmqNUGEgx419ac-HHmfhi9TFJEP6loQNPEktTLl-cvGNahPrCuxZFEuBQ6mTnPJ95GgvqY9RJQc3mH_VMCb-h-br_9FmXcNsW2JppHw', 'expires_at': 1765933093.9644368}.
2025-12-16 18:58:15,178 DEBUG    root            Chosen display Format:none
2025-12-16 18:58:15,179 INFO     root            Display format: "none"
2025-12-16 18:58:17,121 DEBUG    root            Checking for updates...
2025-12-16 18:58:17,135 DEBUG    urllib3.connectionpool Starting new HTTPS connection (1): dl.google.com:443
2025-12-16 18:58:17,304 DEBUG    urllib3.connectionpool https://dl.google.com:443 "GET /dl/cloudsdk/channels/rapid/components-2.json HTTP/11" 200 24727
2025-12-16 18:58:18,244 DEBUG    root            Updating notification cache...
2025-12-16 18:58:18,244 DEBUG    root            Activating notification: [default]
2025-12-16 18:58:18,245 INFO     ___FILE_ONLY___ 

Updates are available for some Google Cloud CLI components.  To install them,
please run:
  $ gcloud components update


2025-12-16 18:58:18,248 INFO     ___FILE_ONLY___ You are signed in as: [demecoschambers@gmail.com].


2025-12-16 18:58:19,152 DEBUG    urllib3.connectionpool Starting new HTTPS connection (1): cloudresourcemanager.googleapis.com:443
2025-12-16 18:58:19,432 DEBUG    urllib3.connectionpool https://cloudresourcemanager.googleapis.com:443 "GET /v1/projects?alt=json&filter=lifecycleState%3AACTIVE&pageSize=201 HTTP/11" 200 None
2025-12-16 18:58:43,811 DEBUG    urllib3.connectionpool Starting new HTTPS connection (1): cloudresourcemanager.googleapis.com:443
2025-12-16 18:58:44,031 DEBUG    urllib3.connectionpool https://cloudresourcemanager.googleapis.com:443 "POST /v1/projects?alt=json HTTP/11" 409 None
2025-12-16 18:58:44,032 WARNING  root            Project creation failed: HttpError accessing <https://cloudresourcemanager.googleapis.com/v1/projects?alt=json>: response: <{'vary': 'Origin, X-Origin, Referer', 'content-type': 'application/json; charset=UTF-8', 'content-encoding': 'gzip', 'date': 'Tue, 16 Dec 2025 23:58:44 GMT', 'server': 'ESF', 'x-xss-protection': '0', 'x-frame-options': 'SAMEORIGIN', 'x-content-type-options': 'nosniff', 'server-timing': 'gfet4t7; dur=98', 'alt-svc': 'h3=":443"; ma=2592000,h3-29=":443"; ma=2592000', 'transfer-encoding': 'chunked', 'status': 409}>, content <{
  "error": {
    "code": 409,
    "message": "Requested entity already exists",
    "status": "ALREADY_EXISTS"
  }
}
>
Please make sure to create the project [ai-lab] using
    $ gcloud projects create ai-lab
or change to another project using
    $ gcloud config set project <PROJECT ID>
2025-12-16 18:58:44,033 INFO     ___FILE_ONLY___ The Google Cloud CLI is configured and ready to use!


2025-12-16 18:58:44,033 INFO     ___FILE_ONLY___ * Commands that require authentication will use demecoschambers@gmail.com by default

2025-12-16 18:58:44,033 INFO     ___FILE_ONLY___ Run `gcloud help config` to learn how to change individual settings


2025-12-16 18:58:44,033 INFO     ___FILE_ONLY___ This gcloud configuration is called [default]. You can create additional configurations if you work with multiple accounts and/or projects.

2025-12-16 18:58:44,033 INFO     ___FILE_ONLY___ Run `gcloud topic configurations` to learn more.


2025-12-16 18:58:44,033 INFO     ___FILE_ONLY___ Some things to try next:


2025-12-16 18:58:44,034 INFO     ___FILE_ONLY___ * Run `gcloud --help` to see the Cloud Platform services you can interact with. And run `gcloud help COMMAND` to get help on any gcloud command.

2025-12-16 18:58:44,034 INFO     ___FILE_ONLY___ * Run `gcloud topic --help` to learn about advanced features of the CLI like arg files and output formatting

2025-12-16 18:58:44,034 INFO     ___FILE_ONLY___ * Run `gcloud cheat-sheet` to see a roster of go-to `gcloud` commands.

2025-12-16 18:58:44,034 DEBUG    root            Chosen display Format:default
2025-12-16 18:58:44,062 INFO     root            Display format: "default"
