2025-12-16 18:59:57,845 DEBUG    root            Running [gcloud] with arguments: [--help: "None"]
2025-12-16 18:59:57,866 DEBUG    root            Loaded Command Group: ['gcloud', 'datastore']
2025-12-16 18:59:58,083 DEBUG    root            Loaded Command Group: ['gcloud', 'lustre']
2025-12-16 18:59:58,180 DEBUG    root            Loaded Command Group: ['gcloud', 'data_catalog']
2025-12-16 18:59:58,477 DEBUG    root            No implementation for release track [GA] for element: [/mnt/c/Program Files (x86)/Google/Cloud SDK/google-cloud-sdk/lib/surface/cluster_director]
2025-12-16 18:59:58,510 DEBUG    root            Loaded Command Group: ['gcloud', 'colab']
2025-12-16 18:59:58,624 DEBUG    root            Loaded Command Group: ['gcloud', 'dns']
2025-12-16 18:59:58,817 DEBUG    root            Loaded Command Group: ['gcloud', 'network_services']
2025-12-16 18:59:59,160 DEBUG    root            Loaded Command Group: ['gcloud', 'scc']
2025-12-16 18:59:59,361 DEBUG    root            Loaded Command Group: ['gcloud', 'pam']
2025-12-16 18:59:59,501 DEBUG    root            Loaded Command Group: ['gcloud', 'organizations']
2025-12-16 18:59:59,595 DEBUG    root            Loaded Command Group: ['gcloud', 'billing']
2025-12-16 18:59:59,693 DEBUG    root            Loaded Command Group: ['gcloud', 'recaptcha']
2025-12-16 18:59:59,766 DEBUG    root            Loaded Command Group: ['gcloud', 'infra_manager']
2025-12-16 18:59:59,879 DEBUG    root            Loaded Command Group: ['gcloud', 'meta']
2025-12-16 19:00:00,061 DEBUG    root            Loaded Command Group: ['gcloud', 'workflows']
2025-12-16 19:00:00,213 DEBUG    root            Loaded Command Group: ['gcloud', 'access_approval']
2025-12-16 19:00:00,333 DEBUG    root            Loaded Command Group: ['gcloud', 'endpoints']
2025-12-16 19:00:00,446 DEBUG    root            Loaded Command Group: ['gcloud', 'source']
2025-12-16 19:00:00,521 DEBUG    root            Loaded Command Group: ['gcloud', 'identity']
2025-12-16 19:00:01,134 DEBUG    root            Loaded Command Group: ['gcloud', 'init']
2025-12-16 19:00:01,235 DEBUG    root            Loaded Command Group: ['gcloud', 'oracle_database']
2025-12-16 19:00:01,402 DEBUG    root            Loaded Command Group: ['gcloud', 'secrets']
2025-12-16 19:00:01,534 DEBUG    root            Loaded Command Group: ['gcloud', 'firestore']
2025-12-16 19:00:01,677 DEBUG    root            No implementation for release track [GA] for element: [/mnt/c/Program Files (x86)/Google/Cloud SDK/google-cloud-sdk/lib/surface/quotas]
2025-12-16 19:00:01,707 DEBUG    root            Loaded Command Group: ['gcloud', 'topic']
2025-12-16 19:00:01,816 DEBUG    root            Loaded Command Group: ['gcloud', 'database_migration']
2025-12-16 19:00:01,910 DEBUG    root            Loaded Command Group: ['gcloud', 'transcoder']
2025-12-16 19:00:01,977 DEBUG    root            Loaded Command Group: ['gcloud', 'metastore']
2025-12-16 19:00:02,062 DEBUG    root            Loaded Command Group: ['gcloud', 'backup_dr']
2025-12-16 19:00:02,221 DEBUG    root            Loaded Command Group: ['gcloud', 'redis']
2025-12-16 19:00:02,313 DEBUG    root            No implementation for release track [GA] for element: [/mnt/c/Program Files (x86)/Google/Cloud SDK/google-cloud-sdk/lib/surface/fault_injection]
2025-12-16 19:00:02,344 DEBUG    root            No implementation for release track [GA] for element: [/mnt/c/Program Files (x86)/Google/Cloud SDK/google-cloud-sdk/lib/surface/spectrum_access]
2025-12-16 19:00:02,387 DEBUG    root            Loaded Command Group: ['gcloud', 'ai']
2025-12-16 19:00:02,957 DEBUG    root            Loaded Command Group: ['gcloud', 'survey']
2025-12-16 19:00:02,993 DEBUG    root            Loaded Command Group: ['gcloud', 'workspace_add_ons']
2025-12-16 19:00:03,055 DEBUG    root            Loaded Command Group: ['gcloud', 'immersive_stream']
2025-12-16 19:00:03,118 DEBUG    root            Loaded Command Group: ['gcloud', 'scheduler']
2025-12-16 19:00:03,341 DEBUG    root            Loaded Command Group: ['gcloud', 'dataplex']
2025-12-16 19:00:04,159 DEBUG    root            No implementation for release track [GA] for element: [/mnt/c/Program Files (x86)/Google/Cloud SDK/google-cloud-sdk/lib/surface/cloudlocationfinder]
2025-12-16 19:00:04,579 DEBUG    root            Loaded Command Group: ['gcloud', 'storage']
2025-12-16 19:00:04,748 DEBUG    root            No implementation for release track [GA] for element: [/mnt/c/Program Files (x86)/Google/Cloud SDK/google-cloud-sdk/lib/surface/zone_management]
2025-12-16 19:00:04,873 DEBUG    root            Loaded Command Group: ['gcloud', 'docker']
2025-12-16 19:00:04,905 DEBUG    root            No implementation for release track [GA] for element: [/mnt/c/Program Files (x86)/Google/Cloud SDK/google-cloud-sdk/lib/surface/dialogflow]
2025-12-16 19:00:04,936 DEBUG    root            Loaded Command Group: ['gcloud', 'service_directory']
2025-12-16 19:00:05,036 DEBUG    root            Loaded Command Group: ['gcloud', 'dataflow']
2025-12-16 19:00:05,220 DEBUG    root            Loaded Command Group: ['gcloud', 'bq']
2025-12-16 19:00:05,311 DEBUG    root            Loaded Command Group: ['gcloud', 'healthcare']
2025-12-16 19:00:05,432 DEBUG    root            Loaded Command Group: ['gcloud', 'composer']
2025-12-16 19:00:05,517 DEBUG    root            Loaded Command Group: ['gcloud', 'workbench']
2025-12-16 19:00:05,599 DEBUG    root            No implementation for release track [GA] for element: [/mnt/c/Program Files (x86)/Google/Cloud SDK/google-cloud-sdk/lib/surface/trace]
2025-12-16 19:00:05,632 DEBUG    root            Loaded Command Group: ['gcloud', 'version']
2025-12-16 19:00:05,733 DEBUG    root            Loaded Command Group: ['gcloud', 'parallelstore']
2025-12-16 19:00:06,025 DEBUG    root            No implementation for release track [GA] for element: [/mnt/c/Program Files (x86)/Google/Cloud SDK/google-cloud-sdk/lib/surface/stacks]
2025-12-16 19:00:06,054 DEBUG    root            Loaded Command Group: ['gcloud', 'logging']
2025-12-16 19:00:06,202 DEBUG    root            No implementation for release track [GA] for element: [/mnt/c/Program Files (x86)/Google/Cloud SDK/google-cloud-sdk/lib/surface/resource_config]
2025-12-16 19:00:06,255 DEBUG    root            Loaded Command Group: ['gcloud', 'cheat_sheet']
2025-12-16 19:00:06,294 DEBUG    root            Loaded Command Group: ['gcloud', 'dataproc']
2025-12-16 19:00:06,414 DEBUG    root            No implementation for release track [GA] for element: [/mnt/c/Program Files (x86)/Google/Cloud SDK/google-cloud-sdk/lib/surface/saas_runtime]
2025-12-16 19:00:06,443 DEBUG    root            No implementation for release track [GA] for element: [/mnt/c/Program Files (x86)/Google/Cloud SDK/google-cloud-sdk/lib/surface/cbrs_spectrum_access]
2025-12-16 19:00:06,481 DEBUG    root            Loaded Command Group: ['gcloud', 'source_manager']
2025-12-16 19:00:06,679 DEBUG    root            Loaded Command Group: ['gcloud', 'network_security']
2025-12-16 19:00:07,003 DEBUG    root            No implementation for release track [GA] for element: [/mnt/c/Program Files (x86)/Google/Cloud SDK/google-cloud-sdk/lib/surface/data_fusion]
2025-12-16 19:00:07,033 DEBUG    root            Loaded Command Group: ['gcloud', 'migration']
2025-12-16 19:00:07,117 DEBUG    root            No implementation for release track [GA] for element: [/mnt/c/Program Files (x86)/Google/Cloud SDK/google-cloud-sdk/lib/surface/managed_flink]
2025-12-16 19:00:07,583 DEBUG    root            No implementation for release track [GA] for element: [/mnt/c/Program Files (x86)/Google/Cloud SDK/google-cloud-sdk/lib/surface/code]
2025-12-16 19:00:07,627 DEBUG    root            Loaded Command Group: ['gcloud', 'app']
2025-12-16 19:00:07,883 DEBUG    root            Loaded Command Group: ['gcloud', 'deployment_manager']
2025-12-16 19:00:08,111 DEBUG    root            Loaded Command Group: ['gcloud', 'memorystore']
2025-12-16 19:00:08,318 DEBUG    root            Loaded Command Group: ['gcloud', 'feedback']
2025-12-16 19:00:08,366 DEBUG    root            Loaded Command Group: ['gcloud', 'transfer']
2025-12-16 19:00:08,473 DEBUG    root            Loaded Command Group: ['gcloud', 'iap']
2025-12-16 19:00:08,591 DEBUG    root            Loaded Command Group: ['gcloud', 'recommender']
2025-12-16 19:00:08,714 DEBUG    root            No implementation for release track [GA] for element: [/mnt/c/Program Files (x86)/Google/Cloud SDK/google-cloud-sdk/lib/surface/microservices]
2025-12-16 19:00:08,813 DEBUG    root            Loaded Command Group: ['gcloud', 'developer_connect']
2025-12-16 19:00:08,898 DEBUG    root            No implementation for release track [GA] for element: [/mnt/c/Program Files (x86)/Google/Cloud SDK/google-cloud-sdk/lib/surface/genomics]
2025-12-16 19:00:08,978 DEBUG    root            Loaded Command Group: ['gcloud', 'info']
2025-12-16 19:00:09,014 DEBUG    root            Loaded Command Group: ['gcloud', 'managed_kafka']
2025-12-16 19:00:09,133 DEBUG    root            Loaded Command Group: ['gcloud', 'ml']
2025-12-16 19:00:09,246 DEBUG    root            Loaded Command Group: ['gcloud', 'unlock']
2025-12-16 19:00:09,303 DEBUG    root            No implementation for release track [GA] for element: [/mnt/c/Program Files (x86)/Google/Cloud SDK/google-cloud-sdk/lib/surface/terraform]
2025-12-16 19:00:09,448 DEBUG    root            Loaded Command Group: ['gcloud', 'iam']
2025-12-16 19:00:09,722 DEBUG    root            Loaded Command Group: ['gcloud', 'dataproc_gdc']
2025-12-16 19:00:09,797 DEBUG    root            Loaded Command Group: ['gcloud', 'notebooks']
2025-12-16 19:00:09,877 DEBUG    root            No implementation for release track [GA] for element: [/mnt/c/Program Files (x86)/Google/Cloud SDK/google-cloud-sdk/lib/surface/datapipelines]
2025-12-16 19:00:09,912 DEBUG    root            Loaded Command Group: ['gcloud', 'apphub']
2025-12-16 19:00:10,037 DEBUG    root            Loaded Command Group: ['gcloud', 'authz_toolkit']
2025-12-16 19:00:10,119 DEBUG    root            Loaded Command Group: ['gcloud', 'looker']
2025-12-16 19:00:10,304 DEBUG    root            No implementation for release track [GA] for element: [/mnt/c/Program Files (x86)/Google/Cloud SDK/google-cloud-sdk/lib/surface/blockchain_validator]
2025-12-16 19:00:10,846 DEBUG    root            No implementation for release track [GA] for element: [/mnt/c/Program Files (x86)/Google/Cloud SDK/google-cloud-sdk/lib/surface/number_registry]
2025-12-16 19:00:10,892 DEBUG    root            No implementation for release track [GA] for element: [/mnt/c/Program Files (x86)/Google/Cloud SDK/google-cloud-sdk/lib/surface/mps]
2025-12-16 19:00:10,926 DEBUG    root            No implementation for release track [GA] for element: [/mnt/c/Program Files (x86)/Google/Cloud SDK/google-cloud-sdk/lib/surface/blockchain_node_engine]
2025-12-16 19:00:11,027 DEBUG    root            Loaded Command Group: ['gcloud', 'observability']
2025-12-16 19:00:11,088 DEBUG    root            Loaded Command Group: ['gcloud', 'asset']
2025-12-16 19:00:12,192 INFO     ___FILE_ONLY___ 

Command killed by keyboard interrupt


