2025-12-16 19:01:29,281 DEBUG    root            Loaded Command Group: ['gcloud', 'auth']
2025-12-16 19:01:29,801 DEBUG    root            Loaded Command Group: ['gcloud', 'auth', 'login']
2025-12-16 19:01:29,802 DEBUG    root            Running [gcloud.auth.login] with arguments: []
2025-12-16 19:01:33,327 DEBUG    requests_oauthlib.oauth2_session Generated new state AFGbqHXYDG11Jl1aUQSlUzQtBb9kw5.
2025-12-16 19:01:33,328 INFO     ___FILE_ONLY___ Your browser has been opened to visit:

    https://accounts.google.com/o/oauth2/auth?response_type=code&client_id=32555940559.apps.googleusercontent.com&redirect_uri=http%3A%2F%2Flocalhost%3A8085%2F&scope=openid+https%3A%2F%2Fwww.googleapis.com%2Fauth%2Fuserinfo.email+https%3A%2F%2Fwww.googleapis.com%2Fauth%2Fcloud-platform+https%3A%2F%2Fwww.googleapis.com%2Fauth%2Fappengine.admin+https%3A%2F%2Fwww.googleapis.com%2Fauth%2Fsqlservice.login+https%3A%2F%2Fwww.googleapis.com%2Fauth%2Fcompute+https%3A%2F%2Fwww.googleapis.com%2Fauth%2Faccounts.reauth&state=AFGbqHXYDG11Jl1aUQSlUzQtBb9kw5&access_type=offline&code_challenge=xUHLF4FihpPXcARbEcAHOxX89e56dlsuvf2bukProIE&code_challenge_method=S256


2025-12-16 19:02:04,573 INFO     google_auth_oauthlib.flow "GET /?state=AFGbqHXYDG11Jl1aUQSlUzQtBb9kw5&code=4/0ATX87lOssuT1XeV6OXS1CBwLJI6KtHmHPt_xcKAc7McDuAewSFOsAviNJORizNw04pcVoA&scope=email%20openid%20https://www.googleapis.com/auth/userinfo.email%20https://www.googleapis.com/auth/cloud-platform%20https://www.googleapis.com/auth/appengine.admin%20https://www.googleapis.com/auth/sqlservice.login%20https://www.googleapis.com/auth/compute%20https://www.googleapis.com/auth/accounts.reauth&authuser=0&prompt=consent HTTP/1.1" 200 937
2025-12-16 19:02:04,574 DEBUG    requests_oauthlib.oauth2_session Requesting url https://oauth2.googleapis.com/token using method POST.
2025-12-16 19:02:04,574 DEBUG    requests_oauthlib.oauth2_session Supplying headers {b'Accept': b'application/json', b'Content-Type': b'application/x-www-form-urlencoded;charset=UTF-8', b'user-agent': b'google-cloud-sdk gcloud/538.0.0 command/gcloud.auth.login invocation-id/8ece5de9275e4447bb92ad743ba88046 environment/None environment-version/None client-os/LINUX client-os-ver/6.6.87 client-pltf-arch/x86_64 interactive/True from-script/False python/3.12.3 term/xterm-256color (Linux 6.6.87.2-microsoft-standard-WSL2)'} and data {'grant_type': 'authorization_code', 'client_id': '32555940559.apps.googleusercontent.com', 'client_secret': 'ZmssLNjJy2998hD4CTg2ejr2', 'code': '4/0ATX87lOssuT1XeV6OXS1CBwLJI6KtHmHPt_xcKAc7McDuAewSFOsAviNJORizNw04pcVoA', 'redirect_uri': 'http://localhost:8085/', 'code_verifier': 'dFS4~NjGXc8ZKwwqnrq3twpN4_QoVgi.ehx2c8xzy6BWMlXeKvYgrv2VssNWvawcgSOnrCH0cWF3K76dRBO7tHPiiGfvod7ukL2ReUmyFvMDbvv07xy811jkE9pkR_h~'}
2025-12-16 19:02:04,574 DEBUG    requests_oauthlib.oauth2_session Passing through key word arguments {'json': None, 'timeout': None, 'auth': None, 'verify': None, 'proxies': None}.
2025-12-16 19:02:04,575 DEBUG    urllib3.connectionpool Starting new HTTPS connection (1): oauth2.googleapis.com:443
2025-12-16 19:02:04,736 DEBUG    urllib3.connectionpool https://oauth2.googleapis.com:443 "POST /token HTTP/11" 200 None
2025-12-16 19:02:04,738 DEBUG    requests_oauthlib.oauth2_session Prepared fetch token request body grant_type=authorization_code&client_id=32555940559.apps.googleusercontent.com&client_secret=ZmssLNjJy2998hD4CTg2ejr2&code=4%2F0ATX87lOssuT1XeV6OXS1CBwLJI6KtHmHPt_xcKAc7McDuAewSFOsAviNJORizNw04pcVoA&redirect_uri=http%3A%2F%2Flocalhost%3A8085%2F&code_verifier=dFS4~NjGXc8ZKwwqnrq3twpN4_QoVgi.ehx2c8xzy6BWMlXeKvYgrv2VssNWvawcgSOnrCH0cWF3K76dRBO7tHPiiGfvod7ukL2ReUmyFvMDbvv07xy811jkE9pkR_h~
2025-12-16 19:02:04,738 DEBUG    requests_oauthlib.oauth2_session Request to fetch token completed with status 200.
2025-12-16 19:02:04,738 DEBUG    requests_oauthlib.oauth2_session Request headers were {'user-agent': b'google-cloud-sdk gcloud/538.0.0 command/gcloud.auth.login invocation-id/8ece5de9275e4447bb92ad743ba88046 environment/None environment-version/None client-os/LINUX client-os-ver/6.6.87 client-pltf-arch/x86_64 interactive/True from-script/False python/3.12.3 term/xterm-256color (Linux 6.6.87.2-microsoft-standard-WSL2)', 'Accept-Encoding': 'gzip, deflate', 'Accept': b'application/json', 'Connection': 'keep-alive', 'Content-Type': b'application/x-www-form-urlencoded;charset=UTF-8', 'Content-Length': '387'}
2025-12-16 19:02:04,738 DEBUG    requests_oauthlib.oauth2_session Request body was grant_type=authorization_code&client_id=32555940559.apps.googleusercontent.com&client_secret=ZmssLNjJy2998hD4CTg2ejr2&code=4%2F0ATX87lOssuT1XeV6OXS1CBwLJI6KtHmHPt_xcKAc7McDuAewSFOsAviNJORizNw04pcVoA&redirect_uri=http%3A%2F%2Flocalhost%3A8085%2F&code_verifier=dFS4~NjGXc8ZKwwqnrq3twpN4_QoVgi.ehx2c8xzy6BWMlXeKvYgrv2VssNWvawcgSOnrCH0cWF3K76dRBO7tHPiiGfvod7ukL2ReUmyFvMDbvv07xy811jkE9pkR_h~
2025-12-16 19:02:04,738 DEBUG    requests_oauthlib.oauth2_session Response headers were {'Date': 'Wed, 17 Dec 2025 00:02:05 GMT', 'Pragma': 'no-cache', 'Cache-Control': 'no-cache, no-store, max-age=0, must-revalidate', 'Expires': 'Mon, 01 Jan 1990 00:00:00 GMT', 'Content-Type': 'application/json; charset=utf-8', 'Vary': 'Origin, X-Origin, Referer', 'Content-Encoding': 'gzip', 'Server': 'scaffolding on HTTPServer2', 'X-XSS-Protection': '0', 'X-Frame-Options': 'SAMEORIGIN', 'X-Content-Type-Options': 'nosniff', 'Alt-Svc': 'h3=":443"; ma=2592000,h3-29=":443"; ma=2592000', 'Transfer-Encoding': 'chunked'} and content {
  "access_token": "ya29.a0Aa7pCA-21gtG4MukLcHF9Ru34Z76z_2_2BzgQH3nN6dx77xxDktJ4VEYjUEfCTau_suA9m-dsaJRy-JXWx-wVx4bmdid7kuJvWTpR3eEvDuq3pD4MMaa9zNGGtRhXSANk7ovM7-NQsk5xpwpAFIaX89aUR4iVt8aoKdilAU5HwMwGJP5mKq_TC3zs6V-n7jDXukamRa7U70qaCgYKAd0SARISFQHGX2Mim7puifYtye-B75HrU4IOLQ0211",
  "expires_in": 3599,
  "refresh_token": "1//01ZumM-TxYwMyCgYIARAAGAESNwF-L9IrSKga0V0_1Cq35_FtQPyVCQH1pro_IHbsvwBzzhx6Mz9h2vkL8FPr6dhOrY2B4_3NE_w",
  "scope": "https://www.googleapis.com/auth/accounts.reauth https://www.googleapis.com/auth/appengine.admin https://www.googleapis.com/auth/cloud-platform https://www.googleapis.com/auth/compute https://www.googleapis.com/auth/userinfo.email openid https://www.googleapis.com/auth/sqlservice.login",
  "token_type": "Bearer",
  "id_token": "eyJhbGciOiJSUzI1NiIsImtpZCI6IjEzMGZkY2VmY2M4ZWQ3YmU2YmVkZmE2ZmM4Nzk3MjIwNDBjOTJiMzgiLCJ0eXAiOiJKV1QifQ.eyJpc3MiOiJodHRwczovL2FjY291bnRzLmdvb2dsZS5jb20iLCJhenAiOiIzMjU1NTk0MDU1OS5hcHBzLmdvb2dsZXVzZXJjb250ZW50LmNvbSIsImF1ZCI6IjMyNTU1OTQwNTU5LmFwcHMuZ29vZ2xldXNlcmNvbnRlbnQuY29tIiwic3ViIjoiMTAyMzc4MTU5NDMwNjkyOTEzODE5IiwiZW1haWwiOiJkZW1lY29zY2hhbWJlcnNAZ21haWwuY29tIiwiZW1haWxfdmVyaWZpZWQiOnRydWUsImF0X2hhc2giOiJvdTktNF9VZ0ZqbnM3d3JFU25wVVZnIiwiaWF0IjoxNzY1OTI5NzI1LCJleHAiOjE3NjU5MzMzMjV9.Ix3lLMCtAoaMdsPKcy7cxL3tR9BVITxLJWqm-NsWJ38Ei2ouYkNx7dOPxGqSpffFdiFnBS6S6HndXuOdqh-WAQdJ4_mXKYUtB8DQ_e1WnjoXjjXTNXJoF3W_w8D6v30V3Sb68OdejieggFFCUH0JD6Uc30-HvqJzNlnN14uzaQNkKmK94-bblW26Pv5aW4QS27t_b-bHclIfPzod4UrLiUSWdQG3bfSWbX6wdMNVaSqL4wkYWBkjRMMAqt-1xJYTk6F3lOyDTckr9uTt5cprOkoEHALxdpNSTSg1bpQgwCj6s6hKLPW0q7h6wz7Lgar_dx5NDZ9qphBuoJGoLet2kQ"
}.
2025-12-16 19:02:04,738 DEBUG    requests_oauthlib.oauth2_session Invoking 0 token response hooks.
2025-12-16 19:02:04,739 DEBUG    requests_oauthlib.oauth2_session Obtained token {'access_token': 'ya29.a0Aa7pCA-21gtG4MukLcHF9Ru34Z76z_2_2BzgQH3nN6dx77xxDktJ4VEYjUEfCTau_suA9m-dsaJRy-JXWx-wVx4bmdid7kuJvWTpR3eEvDuq3pD4MMaa9zNGGtRhXSANk7ovM7-NQsk5xpwpAFIaX89aUR4iVt8aoKdilAU5HwMwGJP5mKq_TC3zs6V-n7jDXukamRa7U70qaCgYKAd0SARISFQHGX2Mim7puifYtye-B75HrU4IOLQ0211', 'expires_in': 3599, 'refresh_token': '1//01ZumM-TxYwMyCgYIARAAGAESNwF-L9IrSKga0V0_1Cq35_FtQPyVCQH1pro_IHbsvwBzzhx6Mz9h2vkL8FPr6dhOrY2B4_3NE_w', 'scope': ['https://www.googleapis.com/auth/accounts.reauth', 'https://www.googleapis.com/auth/appengine.admin', 'https://www.googleapis.com/auth/cloud-platform', 'https://www.googleapis.com/auth/compute', 'https://www.googleapis.com/auth/userinfo.email', 'openid', 'https://www.googleapis.com/auth/sqlservice.login'], 'token_type': 'Bearer', 'id_token': 'eyJhbGciOiJSUzI1NiIsImtpZCI6IjEzMGZkY2VmY2M4ZWQ3YmU2YmVkZmE2ZmM4Nzk3MjIwNDBjOTJiMzgiLCJ0eXAiOiJKV1QifQ.eyJpc3MiOiJodHRwczovL2FjY291bnRzLmdvb2dsZS5jb20iLCJhenAiOiIzMjU1NTk0MDU1OS5hcHBzLmdvb2dsZXVzZXJjb250ZW50LmNvbSIsImF1ZCI6IjMyNTU1OTQwNTU5LmFwcHMuZ29vZ2xldXNlcmNvbnRlbnQuY29tIiwic3ViIjoiMTAyMzc4MTU5NDMwNjkyOTEzODE5IiwiZW1haWwiOiJkZW1lY29zY2hhbWJlcnNAZ21haWwuY29tIiwiZW1haWxfdmVyaWZpZWQiOnRydWUsImF0X2hhc2giOiJvdTktNF9VZ0ZqbnM3d3JFU25wVVZnIiwiaWF0IjoxNzY1OTI5NzI1LCJleHAiOjE3NjU5MzMzMjV9.Ix3lLMCtAoaMdsPKcy7cxL3tR9BVITxLJWqm-NsWJ38Ei2ouYkNx7dOPxGqSpffFdiFnBS6S6HndXuOdqh-WAQdJ4_mXKYUtB8DQ_e1WnjoXjjXTNXJoF3W_w8D6v30V3Sb68OdejieggFFCUH0JD6Uc30-HvqJzNlnN14uzaQNkKmK94-bblW26Pv5aW4QS27t_b-bHclIfPzod4UrLiUSWdQG3bfSWbX6wdMNVaSqL4wkYWBkjRMMAqt-1xJYTk6F3lOyDTckr9uTt5cprOkoEHALxdpNSTSg1bpQgwCj6s6hKLPW0q7h6wz7Lgar_dx5NDZ9qphBuoJGoLet2kQ', 'expires_at': 1765933323.7390573}.
2025-12-16 19:02:04,975 INFO     ___FILE_ONLY___ 
You are now logged in as [demecoschambers@gmail.com].
Your current project is [None].  You can change this setting by running:
  $ gcloud config set project PROJECT_ID

2025-12-16 19:02:04,976 DEBUG    root            Chosen display Format:none
2025-12-16 19:02:04,976 INFO     root            Display format: "none"
