2025-12-16 19:08:36,946 DEBUG    root            Loaded Command Group: ['gcloud', 'container', 'clusters']
2025-12-16 19:08:37,215 DEBUG    root            Loaded Command Group: ['gcloud', 'container', 'clusters', 'create']
2025-12-16 19:08:38,202 DEBUG    root            Running [gcloud.container.clusters.create] with arguments: [--enable-ip-alias: "True", --machine-type: "e2-standard-2", --num-nodes: "1", --release-channel: "regular", NAME: "ai-gke"]
2025-12-16 19:08:38,476 INFO     ___FILE_ONLY___ Note: The Kubelet readonly port (10255) is now deprecated. Please update your workloads to use the recommended alternatives. See https://cloud.google.com/kubernetes-engine/docs/how-to/disable-kubelet-readonly-port for ways to check usage and for migration instructions.

2025-12-16 19:08:38,699 DEBUG    urllib3.connectionpool Starting new HTTPS connection (1): serviceusage.googleapis.com:443
2025-12-16 19:08:39,409 DEBUG    urllib3.connectionpool https://serviceusage.googleapis.com:443 "GET /v1/projects/nth-baton-205216/services/container.googleapis.com?alt=json HTTP/11" 200 None
2025-12-16 19:08:39,431 DEBUG    urllib3.connectionpool Starting new HTTPS connection (1): container.googleapis.com:443
2025-12-16 19:08:46,457 DEBUG    urllib3.connectionpool https://container.googleapis.com:443 "POST /v1/projects/nth-baton-205216/locations/us-central1-a/clusters?alt=json HTTP/11" 200 None
2025-12-16 19:08:46,460 INFO     ___FILE_ONLY___ Creating cluster ai-gke in us-central1-a...
2025-12-16 19:08:46,580 DEBUG    urllib3.connectionpool https://container.googleapis.com:443 "GET /v1/projects/nth-baton-205216/locations/us-central1-a/operations/operation-1765930126275-afd79247-a997-4dbe-aae3-2e8e879e13a8?alt=json HTTP/11" 200 None
2025-12-16 19:08:51,827 DEBUG    urllib3.connectionpool https://container.googleapis.com:443 "GET /v1/projects/nth-baton-205216/locations/us-central1-a/operations/operation-1765930126275-afd79247-a997-4dbe-aae3-2e8e879e13a8?alt=json HTTP/11" 200 None
2025-12-16 19:08:56,974 DEBUG    urllib3.connectionpool https://container.googleapis.com:443 "GET /v1/projects/nth-baton-205216/locations/us-central1-a/operations/operation-1765930126275-afd79247-a997-4dbe-aae3-2e8e879e13a8?alt=json HTTP/11" 200 None
2025-12-16 19:09:02,112 DEBUG    urllib3.connectionpool https://container.googleapis.com:443 "GET /v1/projects/nth-baton-205216/locations/us-central1-a/operations/operation-1765930126275-afd79247-a997-4dbe-aae3-2e8e879e13a8?alt=json HTTP/11" 200 None
2025-12-16 19:09:07,291 DEBUG    urllib3.connectionpool https://container.googleapis.com:443 "GET /v1/projects/nth-baton-205216/locations/us-central1-a/operations/operation-1765930126275-afd79247-a997-4dbe-aae3-2e8e879e13a8?alt=json HTTP/11" 200 None
2025-12-16 19:09:12,431 DEBUG    urllib3.connectionpool https://container.googleapis.com:443 "GET /v1/projects/nth-baton-205216/locations/us-central1-a/operations/operation-1765930126275-afd79247-a997-4dbe-aae3-2e8e879e13a8?alt=json HTTP/11" 200 None
2025-12-16 19:09:17,572 DEBUG    urllib3.connectionpool https://container.googleapis.com:443 "GET /v1/projects/nth-baton-205216/locations/us-central1-a/operations/operation-1765930126275-afd79247-a997-4dbe-aae3-2e8e879e13a8?alt=json HTTP/11" 200 None
2025-12-16 19:09:22,818 DEBUG    urllib3.connectionpool https://container.googleapis.com:443 "GET /v1/projects/nth-baton-205216/locations/us-central1-a/operations/operation-1765930126275-afd79247-a997-4dbe-aae3-2e8e879e13a8?alt=json HTTP/11" 200 None
2025-12-16 19:09:27,957 DEBUG    urllib3.connectionpool https://container.googleapis.com:443 "GET /v1/projects/nth-baton-205216/locations/us-central1-a/operations/operation-1765930126275-afd79247-a997-4dbe-aae3-2e8e879e13a8?alt=json HTTP/11" 200 None
2025-12-16 19:09:33,129 DEBUG    urllib3.connectionpool https://container.googleapis.com:443 "GET /v1/projects/nth-baton-205216/locations/us-central1-a/operations/operation-1765930126275-afd79247-a997-4dbe-aae3-2e8e879e13a8?alt=json HTTP/11" 200 None
2025-12-16 19:09:38,253 DEBUG    urllib3.connectionpool https://container.googleapis.com:443 "GET /v1/projects/nth-baton-205216/locations/us-central1-a/operations/operation-1765930126275-afd79247-a997-4dbe-aae3-2e8e879e13a8?alt=json HTTP/11" 200 None
2025-12-16 19:09:43,362 DEBUG    urllib3.connectionpool https://container.googleapis.com:443 "GET /v1/projects/nth-baton-205216/locations/us-central1-a/operations/operation-1765930126275-afd79247-a997-4dbe-aae3-2e8e879e13a8?alt=json HTTP/11" 200 None
2025-12-16 19:09:48,468 DEBUG    urllib3.connectionpool https://container.googleapis.com:443 "GET /v1/projects/nth-baton-205216/locations/us-central1-a/operations/operation-1765930126275-afd79247-a997-4dbe-aae3-2e8e879e13a8?alt=json HTTP/11" 200 None
2025-12-16 19:09:53,589 DEBUG    urllib3.connectionpool https://container.googleapis.com:443 "GET /v1/projects/nth-baton-205216/locations/us-central1-a/operations/operation-1765930126275-afd79247-a997-4dbe-aae3-2e8e879e13a8?alt=json HTTP/11" 200 None
2025-12-16 19:09:58,731 DEBUG    urllib3.connectionpool https://container.googleapis.com:443 "GET /v1/projects/nth-baton-205216/locations/us-central1-a/operations/operation-1765930126275-afd79247-a997-4dbe-aae3-2e8e879e13a8?alt=json HTTP/11" 200 None
2025-12-16 19:10:03,857 DEBUG    urllib3.connectionpool https://container.googleapis.com:443 "GET /v1/projects/nth-baton-205216/locations/us-central1-a/operations/operation-1765930126275-afd79247-a997-4dbe-aae3-2e8e879e13a8?alt=json HTTP/11" 200 None
2025-12-16 19:10:09,006 DEBUG    urllib3.connectionpool https://container.googleapis.com:443 "GET /v1/projects/nth-baton-205216/locations/us-central1-a/operations/operation-1765930126275-afd79247-a997-4dbe-aae3-2e8e879e13a8?alt=json HTTP/11" 200 None
2025-12-16 19:10:14,110 DEBUG    urllib3.connectionpool https://container.googleapis.com:443 "GET /v1/projects/nth-baton-205216/locations/us-central1-a/operations/operation-1765930126275-afd79247-a997-4dbe-aae3-2e8e879e13a8?alt=json HTTP/11" 200 None
2025-12-16 19:10:19,231 DEBUG    urllib3.connectionpool https://container.googleapis.com:443 "GET /v1/projects/nth-baton-205216/locations/us-central1-a/operations/operation-1765930126275-afd79247-a997-4dbe-aae3-2e8e879e13a8?alt=json HTTP/11" 200 None
2025-12-16 19:10:24,334 DEBUG    urllib3.connectionpool https://container.googleapis.com:443 "GET /v1/projects/nth-baton-205216/locations/us-central1-a/operations/operation-1765930126275-afd79247-a997-4dbe-aae3-2e8e879e13a8?alt=json HTTP/11" 200 None
2025-12-16 19:10:29,452 DEBUG    urllib3.connectionpool https://container.googleapis.com:443 "GET /v1/projects/nth-baton-205216/locations/us-central1-a/operations/operation-1765930126275-afd79247-a997-4dbe-aae3-2e8e879e13a8?alt=json HTTP/11" 200 None
2025-12-16 19:10:34,602 DEBUG    urllib3.connectionpool https://container.googleapis.com:443 "GET /v1/projects/nth-baton-205216/locations/us-central1-a/operations/operation-1765930126275-afd79247-a997-4dbe-aae3-2e8e879e13a8?alt=json HTTP/11" 200 None
2025-12-16 19:10:39,722 DEBUG    urllib3.connectionpool https://container.googleapis.com:443 "GET /v1/projects/nth-baton-205216/locations/us-central1-a/operations/operation-1765930126275-afd79247-a997-4dbe-aae3-2e8e879e13a8?alt=json HTTP/11" 200 None
2025-12-16 19:10:44,854 DEBUG    urllib3.connectionpool https://container.googleapis.com:443 "GET /v1/projects/nth-baton-205216/locations/us-central1-a/operations/operation-1765930126275-afd79247-a997-4dbe-aae3-2e8e879e13a8?alt=json HTTP/11" 200 None
2025-12-16 19:10:49,988 DEBUG    urllib3.connectionpool https://container.googleapis.com:443 "GET /v1/projects/nth-baton-205216/locations/us-central1-a/operations/operation-1765930126275-afd79247-a997-4dbe-aae3-2e8e879e13a8?alt=json HTTP/11" 200 None
2025-12-16 19:10:55,113 DEBUG    urllib3.connectionpool https://container.googleapis.com:443 "GET /v1/projects/nth-baton-205216/locations/us-central1-a/operations/operation-1765930126275-afd79247-a997-4dbe-aae3-2e8e879e13a8?alt=json HTTP/11" 200 None
2025-12-16 19:11:01,512 DEBUG    urllib3.connectionpool https://container.googleapis.com:443 "GET /v1/projects/nth-baton-205216/locations/us-central1-a/operations/operation-1765930126275-afd79247-a997-4dbe-aae3-2e8e879e13a8?alt=json HTTP/11" 200 None
2025-12-16 19:11:07,434 DEBUG    urllib3.connectionpool https://container.googleapis.com:443 "GET /v1/projects/nth-baton-205216/locations/us-central1-a/operations/operation-1765930126275-afd79247-a997-4dbe-aae3-2e8e879e13a8?alt=json HTTP/11" 200 None
2025-12-16 19:11:14,194 DEBUG    urllib3.connectionpool https://container.googleapis.com:443 "GET /v1/projects/nth-baton-205216/locations/us-central1-a/operations/operation-1765930126275-afd79247-a997-4dbe-aae3-2e8e879e13a8?alt=json HTTP/11" 200 None
2025-12-16 19:11:19,692 DEBUG    urllib3.connectionpool https://container.googleapis.com:443 "GET /v1/projects/nth-baton-205216/locations/us-central1-a/operations/operation-1765930126275-afd79247-a997-4dbe-aae3-2e8e879e13a8?alt=json HTTP/11" 200 None
2025-12-16 19:11:24,815 DEBUG    urllib3.connectionpool https://container.googleapis.com:443 "GET /v1/projects/nth-baton-205216/locations/us-central1-a/operations/operation-1765930126275-afd79247-a997-4dbe-aae3-2e8e879e13a8?alt=json HTTP/11" 200 None
2025-12-16 19:11:30,260 DEBUG    urllib3.connectionpool https://container.googleapis.com:443 "GET /v1/projects/nth-baton-205216/locations/us-central1-a/operations/operation-1765930126275-afd79247-a997-4dbe-aae3-2e8e879e13a8?alt=json HTTP/11" 200 None
2025-12-16 19:11:35,754 DEBUG    urllib3.connectionpool https://container.googleapis.com:443 "GET /v1/projects/nth-baton-205216/locations/us-central1-a/operations/operation-1765930126275-afd79247-a997-4dbe-aae3-2e8e879e13a8?alt=json HTTP/11" 200 None
2025-12-16 19:11:40,844 DEBUG    urllib3.connectionpool https://container.googleapis.com:443 "GET /v1/projects/nth-baton-205216/locations/us-central1-a/operations/operation-1765930126275-afd79247-a997-4dbe-aae3-2e8e879e13a8?alt=json HTTP/11" 200 None
2025-12-16 19:11:45,934 DEBUG    urllib3.connectionpool https://container.googleapis.com:443 "GET /v1/projects/nth-baton-205216/locations/us-central1-a/operations/operation-1765930126275-afd79247-a997-4dbe-aae3-2e8e879e13a8?alt=json HTTP/11" 200 None
2025-12-16 19:11:51,019 DEBUG    urllib3.connectionpool https://container.googleapis.com:443 "GET /v1/projects/nth-baton-205216/locations/us-central1-a/operations/operation-1765930126275-afd79247-a997-4dbe-aae3-2e8e879e13a8?alt=json HTTP/11" 200 None
2025-12-16 19:11:56,099 DEBUG    urllib3.connectionpool https://container.googleapis.com:443 "GET /v1/projects/nth-baton-205216/locations/us-central1-a/operations/operation-1765930126275-afd79247-a997-4dbe-aae3-2e8e879e13a8?alt=json HTTP/11" 200 None
2025-12-16 19:12:01,192 DEBUG    urllib3.connectionpool https://container.googleapis.com:443 "GET /v1/projects/nth-baton-205216/locations/us-central1-a/operations/operation-1765930126275-afd79247-a997-4dbe-aae3-2e8e879e13a8?alt=json HTTP/11" 200 None
2025-12-16 19:12:06,301 DEBUG    urllib3.connectionpool https://container.googleapis.com:443 "GET /v1/projects/nth-baton-205216/locations/us-central1-a/operations/operation-1765930126275-afd79247-a997-4dbe-aae3-2e8e879e13a8?alt=json HTTP/11" 200 None
2025-12-16 19:12:11,370 DEBUG    urllib3.connectionpool https://container.googleapis.com:443 "GET /v1/projects/nth-baton-205216/locations/us-central1-a/operations/operation-1765930126275-afd79247-a997-4dbe-aae3-2e8e879e13a8?alt=json HTTP/11" 200 None
2025-12-16 19:12:16,450 DEBUG    urllib3.connectionpool https://container.googleapis.com:443 "GET /v1/projects/nth-baton-205216/locations/us-central1-a/operations/operation-1765930126275-afd79247-a997-4dbe-aae3-2e8e879e13a8?alt=json HTTP/11" 200 None
2025-12-16 19:12:21,537 DEBUG    urllib3.connectionpool https://container.googleapis.com:443 "GET /v1/projects/nth-baton-205216/locations/us-central1-a/operations/operation-1765930126275-afd79247-a997-4dbe-aae3-2e8e879e13a8?alt=json HTTP/11" 200 None
2025-12-16 19:12:26,673 DEBUG    urllib3.connectionpool https://container.googleapis.com:443 "GET /v1/projects/nth-baton-205216/locations/us-central1-a/operations/operation-1765930126275-afd79247-a997-4dbe-aae3-2e8e879e13a8?alt=json HTTP/11" 200 None
2025-12-16 19:12:31,792 DEBUG    urllib3.connectionpool https://container.googleapis.com:443 "GET /v1/projects/nth-baton-205216/locations/us-central1-a/operations/operation-1765930126275-afd79247-a997-4dbe-aae3-2e8e879e13a8?alt=json HTTP/11" 200 None
2025-12-17 18:42:01,335 DEBUG    root            Caught socket error, retrying: ('Connection aborted.', RemoteDisconnected('Remote end closed connection without response'))
2025-12-17 18:42:01,336 DEBUG    root            Retrying request to url https://container.googleapis.com/v1/projects/nth-baton-205216/locations/us-central1-a/operations/operation-1765930126275-afd79247-a997-4dbe-aae3-2e8e879e13a8?alt=json after exception ('Connection aborted.', RemoteDisconnected('Remote end closed connection without response'))
2025-12-17 18:42:02,965 DEBUG    google.auth.transport.requests Making request: POST https://oauth2.googleapis.com/token
2025-12-17 18:42:02,967 DEBUG    urllib3.connectionpool Starting new HTTPS connection (1): oauth2.googleapis.com:443
2025-12-17 18:42:03,164 DEBUG    urllib3.connectionpool https://oauth2.googleapis.com:443 "POST /token HTTP/11" 200 None
2025-12-17 18:42:03,190 DEBUG    urllib3.connectionpool Starting new HTTPS connection (2): container.googleapis.com:443
2025-12-17 18:42:03,548 DEBUG    urllib3.connectionpool https://container.googleapis.com:443 "GET /v1/projects/nth-baton-205216/locations/us-central1-a/operations/operation-1765930126275-afd79247-a997-4dbe-aae3-2e8e879e13a8?alt=json HTTP/11" 200 None
2025-12-17 18:42:03,550 INFO     ___FILE_ONLY___ Timed out waiting for operation <Operation
 clusterConditions: []
 endTime: '2025-12-17T00:14:41.03114296Z'
 name: 'operation-1765930126275-afd79247-a997-4dbe-aae3-2e8e879e13a8'
 nodepoolConditions: []
 operationType: OperationTypeValueValuesEnum(CREATE_CLUSTER, 1)
 progress: <OperationProgress
 metrics: [<Metric
 intValue: 8
 name: 'CLUSTER_CONFIGURING'>, <Metric
 intValue: 8
 name: 'CLUSTER_CONFIGURING_TOTAL'>, <Metric
 intValue: 12
 name: 'CLUSTER_DEPLOYING'>, <Metric
 intValue: 12
 name: 'CLUSTER_DEPLOYING_TOTAL'>, <Metric
 intValue: 1
 name: 'CLUSTER_HEALTHCHECKING'>, <Metric
 intValue: 2
 name: 'CLUSTER_HEALTHCHECKING_TOTAL'>]
 stages: []>
 selfLink: 'https://container.googleapis.com/v1/projects/617449521683/zones/us-central1-a/operations/operation-1765930126275-afd79247-a997-4dbe-aae3-2e8e879e13a8'
 startTime: '2025-12-17T00:08:46.275379943Z'
 status: StatusValueValuesEnum(DONE, 3)
 targetLink: 'https://container.googleapis.com/v1/projects/617449521683/zones/us-central1-a/clusters/ai-gke'
 zone: 'us-central1-a'>

2025-12-17 18:42:03,646 DEBUG    root            (gcloud.container.clusters.create) Operation [<Operation
 clusterConditions: []
 endTime: '2025-12-17T00:14:41.03114296Z'
 name: 'operation-1765930126275-afd79247-a997-4dbe-aae3-2e8e879e13a8'
 nodepoolConditions: []
 operationType: OperationTypeValueValuesEnum(CREATE_CLUSTER, 1)
 progress: <OperationProgress
 metrics: [<Metric
 intValue: 8
 name: 'CLUSTER_CONFIGURING'>, <Metric
 intValue: 8
 name: 'CLUSTER_CONFIGURING_TOTAL'>, <Metric
 intValue: 12
 name: 'CLUSTER_DEPLOYING'>, <Metric
 intValue: 12
 name: 'CLUSTER_DEPLOYING_TOTAL'>, <Metric
 intValue: 1
 name: 'CLUSTER_HEALTHCHECKING'>, <Metric
 intValue: 2
 name: 'CLUSTER_HEALTHCHECKING_TOTAL'>]
 stages: []>
 selfLink: 'https://container.googleapis.com/v1/projects/617449521683/zones/us-central1-a/operations/operation-1765930126275-afd79247-a997-4dbe-aae3-2e8e879e13a8'
 startTime: '2025-12-17T00:08:46.275379943Z'
 status: StatusValueValuesEnum(DONE, 3)
 targetLink: 'https://container.googleapis.com/v1/projects/617449521683/zones/us-central1-a/clusters/ai-gke'
 zone: 'us-central1-a'>] is still running, check its status via 'gcloud container operations describe operation-1765930126275-afd79247-a997-4dbe-aae3-2e8e879e13a8'
Traceback (most recent call last):
  File "/mnt/c/Program Files (x86)/Google/Cloud SDK/google-cloud-sdk/lib/googlecloudsdk/calliope/cli.py", line 987, in Execute
    resources = calliope_command.Run(cli=self, args=args)
                ^^^^^^^^^^^^^^^^^^^^^^^^^^^^^^^^^^^^^^^^^
  File "/mnt/c/Program Files (x86)/Google/Cloud SDK/google-cloud-sdk/lib/googlecloudsdk/calliope/backend.py", line 946, in Run
    resources = command_instance.Run(args)
                ^^^^^^^^^^^^^^^^^^^^^^^^^^
  File "/mnt/c/Program Files (x86)/Google/Cloud SDK/google-cloud-sdk/lib/surface/container/clusters/create.py", line 1415, in Run
    operation = adapter.WaitForOperation(
                ^^^^^^^^^^^^^^^^^^^^^^^^^
  File "/mnt/c/Program Files (x86)/Google/Cloud SDK/google-cloud-sdk/lib/googlecloudsdk/api_lib/container/api_adapter.py", line 2269, in WaitForOperation
    operation = _WaitForOperation()
                ^^^^^^^^^^^^^^^^^^^
  File "/mnt/c/Program Files (x86)/Google/Cloud SDK/google-cloud-sdk/lib/googlecloudsdk/api_lib/container/api_adapter.py", line 2264, in _WaitForOperation
    raise util.Error(
googlecloudsdk.api_lib.container.util.Error: Operation [<Operation
 clusterConditions: []
 endTime: '2025-12-17T00:14:41.03114296Z'
 name: 'operation-1765930126275-afd79247-a997-4dbe-aae3-2e8e879e13a8'
 nodepoolConditions: []
 operationType: OperationTypeValueValuesEnum(CREATE_CLUSTER, 1)
 progress: <OperationProgress
 metrics: [<Metric
 intValue: 8
 name: 'CLUSTER_CONFIGURING'>, <Metric
 intValue: 8
 name: 'CLUSTER_CONFIGURING_TOTAL'>, <Metric
 intValue: 12
 name: 'CLUSTER_DEPLOYING'>, <Metric
 intValue: 12
 name: 'CLUSTER_DEPLOYING_TOTAL'>, <Metric
 intValue: 1
 name: 'CLUSTER_HEALTHCHECKING'>, <Metric
 intValue: 2
 name: 'CLUSTER_HEALTHCHECKING_TOTAL'>]
 stages: []>
 selfLink: 'https://container.googleapis.com/v1/projects/617449521683/zones/us-central1-a/operations/operation-1765930126275-afd79247-a997-4dbe-aae3-2e8e879e13a8'
 startTime: '2025-12-17T00:08:46.275379943Z'
 status: StatusValueValuesEnum(DONE, 3)
 targetLink: 'https://container.googleapis.com/v1/projects/617449521683/zones/us-central1-a/clusters/ai-gke'
 zone: 'us-central1-a'>] is still running, check its status via 'gcloud container operations describe operation-1765930126275-afd79247-a997-4dbe-aae3-2e8e879e13a8'
2025-12-17 18:42:03,983 ERROR    root            (gcloud.container.clusters.create) Operation [<Operation
 clusterConditions: []
 endTime: '2025-12-17T00:14:41.03114296Z'
 name: 'operation-1765930126275-afd79247-a997-4dbe-aae3-2e8e879e13a8'
 nodepoolConditions: []
 operationType: OperationTypeValueValuesEnum(CREATE_CLUSTER, 1)
 progress: <OperationProgress
 metrics: [<Metric
 intValue: 8
 name: 'CLUSTER_CONFIGURING'>, <Metric
 intValue: 8
 name: 'CLUSTER_CONFIGURING_TOTAL'>, <Metric
 intValue: 12
 name: 'CLUSTER_DEPLOYING'>, <Metric
 intValue: 12
 name: 'CLUSTER_DEPLOYING_TOTAL'>, <Metric
 intValue: 1
 name: 'CLUSTER_HEALTHCHECKING'>, <Metric
 intValue: 2
 name: 'CLUSTER_HEALTHCHECKING_TOTAL'>]
 stages: []>
 selfLink: 'https://container.googleapis.com/v1/projects/617449521683/zones/us-central1-a/operations/operation-1765930126275-afd79247-a997-4dbe-aae3-2e8e879e13a8'
 startTime: '2025-12-17T00:08:46.275379943Z'
 status: StatusValueValuesEnum(DONE, 3)
 targetLink: 'https://container.googleapis.com/v1/projects/617449521683/zones/us-central1-a/clusters/ai-gke'
 zone: 'us-central1-a'>] is still running, check its status via 'gcloud container operations describe operation-1765930126275-afd79247-a997-4dbe-aae3-2e8e879e13a8'
