2025-12-17 18:42:33,858 DEBUG    root            Loaded Command Group: ['gcloud', 'auth']
2025-12-17 18:42:34,695 DEBUG    root            Loaded Command Group: ['gcloud', 'auth', 'login']
2025-12-17 18:42:34,696 DEBUG    root            Running [gcloud.auth.login] with arguments: []
2025-12-17 18:42:39,671 DEBUG    requests_oauthlib.oauth2_session Generated new state hhCO8HrpyScpvZ1liKPlAEkDUMZWDf.
2025-12-17 18:42:39,674 INFO     ___FILE_ONLY___ Your browser has been opened to visit:

    https://accounts.google.com/o/oauth2/auth?response_type=code&client_id=32555940559.apps.googleusercontent.com&redirect_uri=http%3A%2F%2Flocalhost%3A8085%2F&scope=openid+https%3A%2F%2Fwww.googleapis.com%2Fauth%2Fuserinfo.email+https%3A%2F%2Fwww.googleapis.com%2Fauth%2Fcloud-platform+https%3A%2F%2Fwww.googleapis.com%2Fauth%2Fappengine.admin+https%3A%2F%2Fwww.googleapis.com%2Fauth%2Fsqlservice.login+https%3A%2F%2Fwww.googleapis.com%2Fauth%2Fcompute+https%3A%2F%2Fwww.googleapis.com%2Fauth%2Faccounts.reauth&state=hhCO8HrpyScpvZ1liKPlAEkDUMZWDf&access_type=offline&code_challenge=WtL3hsOnxQ-h4t3-q-V9AkezcZoKZ1fnQxWle3VF0WM&code_challenge_method=S256


2025-12-17 18:43:45,520 INFO     google_auth_oauthlib.flow "GET /?state=hhCO8HrpyScpvZ1liKPlAEkDUMZWDf&code=4/0ATX87lOZjpqN_yw8Q2JFRn0YJJWYLx89U5_n5gDBTonR31WdvFbrRSOSd6psKRqUDVk_3w&scope=email%20openid%20https://www.googleapis.com/auth/userinfo.email%20https://www.googleapis.com/auth/cloud-platform%20https://www.googleapis.com/auth/appengine.admin%20https://www.googleapis.com/auth/sqlservice.login%20https://www.googleapis.com/auth/compute%20https://www.googleapis.com/auth/accounts.reauth&authuser=0&prompt=consent HTTP/1.1" 200 937
2025-12-17 18:43:45,521 DEBUG    requests_oauthlib.oauth2_session Requesting url https://oauth2.googleapis.com/token using method POST.
2025-12-17 18:43:45,521 DEBUG    requests_oauthlib.oauth2_session Supplying headers {b'Accept': b'application/json', b'Content-Type': b'application/x-www-form-urlencoded;charset=UTF-8', b'user-agent': b'google-cloud-sdk gcloud/538.0.0 command/gcloud.auth.login invocation-id/b7495bdad1c945dfb1d9726aef2cc7bd environment/None environment-version/None client-os/LINUX client-os-ver/6.6.87 client-pltf-arch/x86_64 interactive/True from-script/False python/3.12.3 term/xterm-256color (Linux 6.6.87.2-microsoft-standard-WSL2)'} and data {'grant_type': 'authorization_code', 'client_id': '32555940559.apps.googleusercontent.com', 'client_secret': 'ZmssLNjJy2998hD4CTg2ejr2', 'code': '4/0ATX87lOZjpqN_yw8Q2JFRn0YJJWYLx89U5_n5gDBTonR31WdvFbrRSOSd6psKRqUDVk_3w', 'redirect_uri': 'http://localhost:8085/', 'code_verifier': 'rHRxAybvnh9Qi2r43_H-eLTfP6EN1pRmaBiCcza~2YTCTKz7IMs4OpM6IRgdiXj9A6Vt.LseFolPiMuYTvBmPa8JsLA.LUKYn4Oo52BGjX1_xGY9j1TdD7wdaKFf1rPE'}
2025-12-17 18:43:45,522 DEBUG    requests_oauthlib.oauth2_session Passing through key word arguments {'json': None, 'timeout': None, 'auth': None, 'verify': None, 'proxies': None}.
2025-12-17 18:43:45,523 DEBUG    urllib3.connectionpool Starting new HTTPS connection (1): oauth2.googleapis.com:443
2025-12-17 18:43:45,741 DEBUG    urllib3.connectionpool https://oauth2.googleapis.com:443 "POST /token HTTP/11" 200 None
2025-12-17 18:43:45,743 DEBUG    requests_oauthlib.oauth2_session Prepared fetch token request body grant_type=authorization_code&client_id=32555940559.apps.googleusercontent.com&client_secret=ZmssLNjJy2998hD4CTg2ejr2&code=4%2F0ATX87lOZjpqN_yw8Q2JFRn0YJJWYLx89U5_n5gDBTonR31WdvFbrRSOSd6psKRqUDVk_3w&redirect_uri=http%3A%2F%2Flocalhost%3A8085%2F&code_verifier=rHRxAybvnh9Qi2r43_H-eLTfP6EN1pRmaBiCcza~2YTCTKz7IMs4OpM6IRgdiXj9A6Vt.LseFolPiMuYTvBmPa8JsLA.LUKYn4Oo52BGjX1_xGY9j1TdD7wdaKFf1rPE
2025-12-17 18:43:45,743 DEBUG    requests_oauthlib.oauth2_session Request to fetch token completed with status 200.
2025-12-17 18:43:45,743 DEBUG    requests_oauthlib.oauth2_session Request headers were {'user-agent': b'google-cloud-sdk gcloud/538.0.0 command/gcloud.auth.login invocation-id/b7495bdad1c945dfb1d9726aef2cc7bd environment/None environment-version/None client-os/LINUX client-os-ver/6.6.87 client-pltf-arch/x86_64 interactive/True from-script/False python/3.12.3 term/xterm-256color (Linux 6.6.87.2-microsoft-standard-WSL2)', 'Accept-Encoding': 'gzip, deflate', 'Accept': b'application/json', 'Connection': 'keep-alive', 'Content-Type': b'application/x-www-form-urlencoded;charset=UTF-8', 'Content-Length': '387'}
2025-12-17 18:43:45,743 DEBUG    requests_oauthlib.oauth2_session Request body was grant_type=authorization_code&client_id=32555940559.apps.googleusercontent.com&client_secret=ZmssLNjJy2998hD4CTg2ejr2&code=4%2F0ATX87lOZjpqN_yw8Q2JFRn0YJJWYLx89U5_n5gDBTonR31WdvFbrRSOSd6psKRqUDVk_3w&redirect_uri=http%3A%2F%2Flocalhost%3A8085%2F&code_verifier=rHRxAybvnh9Qi2r43_H-eLTfP6EN1pRmaBiCcza~2YTCTKz7IMs4OpM6IRgdiXj9A6Vt.LseFolPiMuYTvBmPa8JsLA.LUKYn4Oo52BGjX1_xGY9j1TdD7wdaKFf1rPE
2025-12-17 18:43:45,743 DEBUG    requests_oauthlib.oauth2_session Response headers were {'Expires': 'Mon, 01 Jan 1990 00:00:00 GMT', 'Pragma': 'no-cache', 'Cache-Control': 'no-cache, no-store, max-age=0, must-revalidate', 'Date': 'Wed, 17 Dec 2025 23:43:45 GMT', 'Content-Type': 'application/json; charset=utf-8', 'Vary': 'Origin, X-Origin, Referer', 'Content-Encoding': 'gzip', 'Server': 'scaffolding on HTTPServer2', 'X-XSS-Protection': '0', 'X-Frame-Options': 'SAMEORIGIN', 'X-Content-Type-Options': 'nosniff', 'Alt-Svc': 'h3=":443"; ma=2592000,h3-29=":443"; ma=2592000', 'Transfer-Encoding': 'chunked'} and content {
  "access_token": "ya29.a0Aa7pCA8n13exI6Yc-A2KWpqjep_cTebuyh2DjDrIXU1iyGm1oBbuGNF4SQCR4HL3om4X-QN0JhBnOjwRAESdM-waW9fqnm-gz7_9w6H9Sw8Ck-07zimmB5Vf1FN5aWF5sS2eZ9Emwfn4PVSYu2IfOm4MkBlF8_8FzjPVJ4HpAd4_NqfpfnQToC_iu2q3W6HqRzJCkcjISGRzaCgYKAQ8SARISFQHGX2Mi69uTplHtvdXazoeEpLmfAw0211",
  "expires_in": 3599,
  "refresh_token": "1//05c0nAdmqOR6cCgYIARAAGAUSNwF-L9IrqaghK2aChRrV6pKpvjRYaFKbktsM7RjUaQlcNnubl3adC8YZdjvQ2jFlvIWF05_6HGU",
  "scope": "https://www.googleapis.com/auth/sqlservice.login https://www.googleapis.com/auth/userinfo.email https://www.googleapis.com/auth/compute openid https://www.googleapis.com/auth/cloud-platform https://www.googleapis.com/auth/appengine.admin https://www.googleapis.com/auth/accounts.reauth",
  "token_type": "Bearer",
  "id_token": "eyJhbGciOiJSUzI1NiIsImtpZCI6IjZhOTA2ZWMxMTlkN2JhNDZhNmE0M2VmMWVhODQyZTM0YThlZTA4YjQiLCJ0eXAiOiJKV1QifQ.eyJpc3MiOiJodHRwczovL2FjY291bnRzLmdvb2dsZS5jb20iLCJhenAiOiIzMjU1NTk0MDU1OS5hcHBzLmdvb2dsZXVzZXJjb250ZW50LmNvbSIsImF1ZCI6IjMyNTU1OTQwNTU5LmFwcHMuZ29vZ2xldXNlcmNvbnRlbnQuY29tIiwic3ViIjoiMTAyMzc4MTU5NDMwNjkyOTEzODE5IiwiZW1haWwiOiJkZW1lY29zY2hhbWJlcnNAZ21haWwuY29tIiwiZW1haWxfdmVyaWZpZWQiOnRydWUsImF0X2hhc2giOiI0dUpZMjlHZ0kyTDhNNWdZbVMwelVRIiwiaWF0IjoxNzY2MDE1MDI1LCJleHAiOjE3NjYwMTg2MjV9.wX_tIFWYyJ38FVvskSMZH635jZdtwW-NhAMQfEuXgEzRwx_kHAIp2MFtqTzxfdFkw_sn7DqTu6ksIAtc-aiOlykzbiw71dV88ejl7s_QGAtEXUqTq-1Youpkc0ZRbPXm0sIVsuRYcV1Tf-qIYocxL2iJSw9YmYapQTb4P5T7i4elAUrYUiNALDtxESgyhHeXIrXTwcfPJfTaUfCo9eTGuyEtHGxGQ3IjKaetNTfSCNtU9iEJrtGxaHxFKGaYxPdvJP5Rrh6tj2Q0c5EeH-EFjgs350Al1Cofa9HO_sNPUusMfRdmMbGQ2d74Uc1VQ9CnkTqwdl65zYMvQxHF01cV6w"
}.
2025-12-17 18:43:45,743 DEBUG    requests_oauthlib.oauth2_session Invoking 0 token response hooks.
2025-12-17 18:43:45,744 DEBUG    requests_oauthlib.oauth2_session Obtained token {'access_token': 'ya29.a0Aa7pCA8n13exI6Yc-A2KWpqjep_cTebuyh2DjDrIXU1iyGm1oBbuGNF4SQCR4HL3om4X-QN0JhBnOjwRAESdM-waW9fqnm-gz7_9w6H9Sw8Ck-07zimmB5Vf1FN5aWF5sS2eZ9Emwfn4PVSYu2IfOm4MkBlF8_8FzjPVJ4HpAd4_NqfpfnQToC_iu2q3W6HqRzJCkcjISGRzaCgYKAQ8SARISFQHGX2Mi69uTplHtvdXazoeEpLmfAw0211', 'expires_in': 3599, 'refresh_token': '1//05c0nAdmqOR6cCgYIARAAGAUSNwF-L9IrqaghK2aChRrV6pKpvjRYaFKbktsM7RjUaQlcNnubl3adC8YZdjvQ2jFlvIWF05_6HGU', 'scope': ['https://www.googleapis.com/auth/sqlservice.login', 'https://www.googleapis.com/auth/userinfo.email', 'https://www.googleapis.com/auth/compute', 'openid', 'https://www.googleapis.com/auth/cloud-platform', 'https://www.googleapis.com/auth/appengine.admin', 'https://www.googleapis.com/auth/accounts.reauth'], 'token_type': 'Bearer', 'id_token': 'eyJhbGciOiJSUzI1NiIsImtpZCI6IjZhOTA2ZWMxMTlkN2JhNDZhNmE0M2VmMWVhODQyZTM0YThlZTA4YjQiLCJ0eXAiOiJKV1QifQ.eyJpc3MiOiJodHRwczovL2FjY291bnRzLmdvb2dsZS5jb20iLCJhenAiOiIzMjU1NTk0MDU1OS5hcHBzLmdvb2dsZXVzZXJjb250ZW50LmNvbSIsImF1ZCI6IjMyNTU1OTQwNTU5LmFwcHMuZ29vZ2xldXNlcmNvbnRlbnQuY29tIiwic3ViIjoiMTAyMzc4MTU5NDMwNjkyOTEzODE5IiwiZW1haWwiOiJkZW1lY29zY2hhbWJlcnNAZ21haWwuY29tIiwiZW1haWxfdmVyaWZpZWQiOnRydWUsImF0X2hhc2giOiI0dUpZMjlHZ0kyTDhNNWdZbVMwelVRIiwiaWF0IjoxNzY2MDE1MDI1LCJleHAiOjE3NjYwMTg2MjV9.wX_tIFWYyJ38FVvskSMZH635jZdtwW-NhAMQfEuXgEzRwx_kHAIp2MFtqTzxfdFkw_sn7DqTu6ksIAtc-aiOlykzbiw71dV88ejl7s_QGAtEXUqTq-1Youpkc0ZRbPXm0sIVsuRYcV1Tf-qIYocxL2iJSw9YmYapQTb4P5T7i4elAUrYUiNALDtxESgyhHeXIrXTwcfPJfTaUfCo9eTGuyEtHGxGQ3IjKaetNTfSCNtU9iEJrtGxaHxFKGaYxPdvJP5Rrh6tj2Q0c5EeH-EFjgs350Al1Cofa9HO_sNPUusMfRdmMbGQ2d74Uc1VQ9CnkTqwdl65zYMvQxHF01cV6w', 'expires_at': 1766018624.7440085}.
2025-12-17 18:43:46,273 INFO     ___FILE_ONLY___ 
You are now logged in as [demecoschambers@gmail.com].
Your current project is [nth-baton-205216].  You can change this setting by running:
  $ gcloud config set project PROJECT_ID

2025-12-17 18:43:46,274 DEBUG    root            Chosen display Format:none
2025-12-17 18:43:46,274 INFO     root            Display format: "none"
