2025-12-17 19:03:36,689 DEBUG    root            Loaded Command Group: ['gcloud', 'config']
2025-12-17 19:03:36,690 DEBUG    root            Loaded Command Group: ['gcloud', 'config', 'config_helper']
2025-12-17 19:03:36,691 DEBUG    root            Running [gcloud.config.config-helper] with arguments: [--format: "json"]
2025-12-17 19:03:36,699 DEBUG    root            Chosen display Format:default json
2025-12-17 19:03:36,699 INFO     root            Display format: "default json"
2025-12-17 19:03:36,721 INFO     ___FILE_ONLY___ {
  "configuration": {
    "active_configuration": "default",
    "properties": {
      "compute": {
        "region": "us-central1",
        "zone": "us-central1-a"
      },
      "core": {
        "account": "demecoschambers@gmail.com",
        "disable_usage_reporting": "True",
        "project": "nth-baton-205216"
      }
    }
  },
  "credential": {
    "access_token": "ya29.a0Aa7pCA8n13exI6Yc-A2KWpqjep_cTebuyh2DjDrIXU1iyGm1oBbuGNF4SQCR4HL3om4X-QN0JhBnOjwRAESdM-waW9fqnm-gz7_9w6H9Sw8Ck-07zimmB5Vf1FN5aWF5sS2eZ9Emwfn4PVSYu2IfOm4MkBlF8_8FzjPVJ4HpAd4_NqfpfnQToC_iu2q3W6HqRzJCkcjISGRzaCgYKAQ8SARISFQHGX2Mi69uTplHtvdXazoeEpLmfAw0211",
    "id_token": "eyJhbGciOiJSUzI1NiIsImtpZCI6IjZhOTA2ZWMxMTlkN2JhNDZhNmE0M2VmMWVhODQyZTM0YThlZTA4YjQiLCJ0eXAiOiJKV1QifQ.eyJpc3MiOiJodHRwczovL2FjY291bnRzLmdvb2dsZS5jb20iLCJhenAiOiIzMjU1NTk0MDU1OS5hcHBzLmdvb2dsZXVzZXJjb250ZW50LmNvbSIsImF1ZCI6IjMyNTU1OTQwNTU5LmFwcHMuZ29vZ2xldXNlcmNvbnRlbnQuY29tIiwic3ViIjoiMTAyMzc4MTU5NDMwNjkyOTEzODE5IiwiZW1haWwiOiJkZW1lY29zY2hhbWJlcnNAZ21haWwuY29tIiwiZW1haWxfdmVyaWZpZWQiOnRydWUsImF0X2hhc2giOiI0dUpZMjlHZ0kyTDhNNWdZbVMwelVRIiwiaWF0IjoxNzY2MDE1MDI1LCJleHAiOjE3NjYwMTg2MjV9.wX_tIFWYyJ38FVvskSMZH635jZdtwW-NhAMQfEuXgEzRwx_kHAIp2MFtqTzxfdFkw_sn7DqTu6ksIAtc-aiOlykzbiw71dV88ejl7s_QGAtEXUqTq-1Youpkc0ZRbPXm0sIVsuRYcV1Tf-qIYocxL2iJSw9YmYapQTb4P5T7i4elAUrYUiNALDtxESgyhHeXIrXTwcfPJfTaUfCo9eTGuyEtHGxGQ3IjKaetNTfSCNtU9iEJrtGxaHxFKGaYxPdvJP5Rrh6tj2Q0c5EeH-EFjgs350Al1Cofa9HO_sNPUusMfRdmMbGQ2d74Uc1VQ9CnkTqwdl65zYMvQxHF01cV6w",
    "token_expiry": "2025-12-18T00:43:44Z"
  },
  "sentinels": {
    "config_sentinel": "/home/dchambers/.config/gcloud/config_sentinel"
  }
}
2025-12-17 19:03:36,722 INFO     ___FILE_ONLY___ 

2025-12-17 19:03:36,726 DEBUG    root            SDK update checks are disabled.
