2025-12-17 19:14:03,902 DEBUG    root            Loaded Command Group: ['gcloud', 'container']
2025-12-17 19:14:03,909 DEBUG    root            Loaded Command Group: ['gcloud', 'container', 'node_pools']
2025-12-17 19:14:03,911 DEBUG    root            Loaded Command Group: ['gcloud', 'container', 'node-pools', 'list']
2025-12-17 19:14:04,116 DEBUG    root            Running [gcloud.container.node-pools.list] with arguments: [--cluster: "ai-gke", --zone: "us-central1-a"]
2025-12-17 19:14:04,119 DEBUG    urllib3.connectionpool Starting new HTTPS connection (1): container.googleapis.com:443
2025-12-17 19:14:04,317 DEBUG    urllib3.connectionpool https://container.googleapis.com:443 "GET /v1/projects/nth-baton-205216/locations/us-central1-a/clusters/ai-gke/nodePools?alt=json HTTP/1.1" 200 None
2025-12-17 19:14:04,323 DEBUG    root            Chosen display Format:
     table(
        name,
        config.machineType,
        config.diskSizeGb,
        version:label=NODE_VERSION
     )

2025-12-17 19:14:04,324 INFO     root            Display format: "
     table(
        name,
        config.machineType,
        config.diskSizeGb,
        version:label=NODE_VERSION
     )
"
2025-12-17 19:14:04,351 INFO     ___FILE_ONLY___ NAME
2025-12-17 19:14:04,351 INFO     ___FILE_ONLY___           
2025-12-17 19:14:04,351 INFO     ___FILE_ONLY___ MACHINE_TYPE
2025-12-17 19:14:04,351 INFO     ___FILE_ONLY___    
2025-12-17 19:14:04,351 INFO     ___FILE_ONLY___ DISK_SIZE_GB
2025-12-17 19:14:04,351 INFO     ___FILE_ONLY___   
2025-12-17 19:14:04,351 INFO     ___FILE_ONLY___ NODE_VERSION
2025-12-17 19:14:04,351 INFO     ___FILE_ONLY___ 

2025-12-17 19:14:04,351 INFO     ___FILE_ONLY___ default-pool
2025-12-17 19:14:04,351 INFO     ___FILE_ONLY___   
2025-12-17 19:14:04,351 INFO     ___FILE_ONLY___ e2-standard-2
2025-12-17 19:14:04,351 INFO     ___FILE_ONLY___   
2025-12-17 19:14:04,351 INFO     ___FILE_ONLY___ 100
2025-12-17 19:14:04,351 INFO     ___FILE_ONLY___            
2025-12-17 19:14:04,351 INFO     ___FILE_ONLY___ 1.33.5-gke.1308000
2025-12-17 19:14:04,351 INFO     ___FILE_ONLY___ 

2025-12-17 19:14:04,351 INFO     ___FILE_ONLY___ gpu-spot
2025-12-17 19:14:04,351 INFO     ___FILE_ONLY___       
2025-12-17 19:14:04,351 INFO     ___FILE_ONLY___ n1-standard-4
2025-12-17 19:14:04,351 INFO     ___FILE_ONLY___   
2025-12-17 19:14:04,351 INFO     ___FILE_ONLY___ 100
2025-12-17 19:14:04,351 INFO     ___FILE_ONLY___            
2025-12-17 19:14:04,351 INFO     ___FILE_ONLY___ 1.33.5-gke.1308000
2025-12-17 19:14:04,351 INFO     ___FILE_ONLY___ 

2025-12-17 19:14:04,352 DEBUG    root            SDK update checks are disabled.
